   1               		.file	"projCh3_1_Doorbell_pde.cpp"
   2               	__SREG__ = 0x3f
   3               	__SP_H__ = 0x3e
   4               	__SP_L__ = 0x3d
   5               	__CCP__  = 0x34
   6               	__tmp_reg__ = 0
   7               	__zero_reg__ = 1
   8               		.global __do_copy_data
   9               		.global __do_clear_bss
  17               	.Ltext0:
  18               		.section	.text.loop,"ax",@progbits
  19               	.global	loop
  21               	loop:
  22               	.LFB28:
  23               	.LSM0:
  24               	/* prologue: function */
  25               	/* frame size = 0 */
  26               	.LSM1:
  27 0000 8091 0000 		lds r24,BUTTON
  28 0004 0E94 0000 		call digitalRead
  29 0008 0197      		sbiw r24,1
  30 000a 01F4      		brne .L2
  31               	.LSM2:
  32 000c 80E0      		ldi r24,lo8(Serial)
  33 000e 90E0      		ldi r25,hi8(Serial)
  34 0010 64E4      		ldi r22,lo8(68)
  35 0012 40E0      		ldi r20,lo8(0)
  36 0014 50E0      		ldi r21,hi8(0)
  37 0016 0E94 0000 		call _ZN5Print5printEci
  38               	.LSM3:
  39 001a 64EF      		ldi r22,lo8(500)
  40 001c 71E0      		ldi r23,hi8(500)
  41 001e 80E0      		ldi r24,hlo8(500)
  42 0020 90E0      		ldi r25,hhi8(500)
  43 0022 0E94 0000 		call delay
  44               	.LSM4:
  45 0026 80E0      		ldi r24,lo8(Serial)
  46 0028 90E0      		ldi r25,hi8(Serial)
  47 002a 0E94 0000 		call _ZN14HardwareSerial9availableEv
  48 002e 1816      		cp __zero_reg__,r24
  49 0030 1906      		cpc __zero_reg__,r25
  50 0032 04F4      		brge .L4
  51               	.LSM5:
  52 0034 80E0      		ldi r24,lo8(Serial)
  53 0036 90E0      		ldi r25,hi8(Serial)
  54 0038 0E94 0000 		call _ZN14HardwareSerial4readEv
  55 003c 8B34      		cpi r24,75
  56 003e 9105      		cpc r25,__zero_reg__
  57 0040 01F4      		brne .L4
  58               	.LSM6:
  59 0042 8091 0000 		lds r24,LED
  60 0046 61E0      		ldi r22,lo8(1)
  61 0048 0E94 0000 		call digitalWrite
  62 004c 0895      		ret
  63               	.L2:
  64               	.LSM7:
  65 004e 8091 0000 		lds r24,LED
  66 0052 60E0      		ldi r22,lo8(0)
  67 0054 0E94 0000 		call digitalWrite
  68               	.L4:
  69 0058 0895      		ret
  70               	.LFE28:
  72               		.section	.text.setup,"ax",@progbits
  73               	.global	setup
  75               	setup:
  76               	.LFB27:
  77               	.LSM8:
  78               	/* prologue: function */
  79               	/* frame size = 0 */
  80               	.LSM9:
  81 0000 8091 0000 		lds r24,BUTTON
  82 0004 60E0      		ldi r22,lo8(0)
  83 0006 0E94 0000 		call pinMode
  84               	.LSM10:
  85 000a 8091 0000 		lds r24,LED
  86 000e 61E0      		ldi r22,lo8(1)
  87 0010 0E94 0000 		call pinMode
  88               	.LSM11:
  89 0014 80E0      		ldi r24,lo8(Serial)
  90 0016 90E0      		ldi r25,hi8(Serial)
  91 0018 40E8      		ldi r20,lo8(9600)
  92 001a 55E2      		ldi r21,hi8(9600)
  93 001c 60E0      		ldi r22,hlo8(9600)
  94 001e 70E0      		ldi r23,hhi8(9600)
  95 0020 0E94 0000 		call _ZN14HardwareSerial5beginEl
  96               	/* epilogue start */
  97               	.LSM12:
  98 0024 0895      		ret
  99               	.LFE27:
 101               	.global	BUTTON
 102               		.section	.data.BUTTON,"aw",@progbits
 105               	BUTTON:
 106 0000 0200      		.word	2
 107               	.global	LED
 108               		.section	.data.LED,"aw",@progbits
 111               	LED:
 112 0000 0B00      		.word	11
 145               	.Letext0:
DEFINED SYMBOLS
                            *ABS*:00000000 projCh3_1_Doorbell_pde.cpp
/var/folders/6v/2vwt01v529l7cbx7ts4b06bm0000gn/T//cchvpFiY.s:2      *ABS*:0000003f __SREG__
/var/folders/6v/2vwt01v529l7cbx7ts4b06bm0000gn/T//cchvpFiY.s:3      *ABS*:0000003e __SP_H__
/var/folders/6v/2vwt01v529l7cbx7ts4b06bm0000gn/T//cchvpFiY.s:4      *ABS*:0000003d __SP_L__
/var/folders/6v/2vwt01v529l7cbx7ts4b06bm0000gn/T//cchvpFiY.s:5      *ABS*:00000034 __CCP__
/var/folders/6v/2vwt01v529l7cbx7ts4b06bm0000gn/T//cchvpFiY.s:6      *ABS*:00000000 __tmp_reg__
/var/folders/6v/2vwt01v529l7cbx7ts4b06bm0000gn/T//cchvpFiY.s:7      *ABS*:00000001 __zero_reg__
/var/folders/6v/2vwt01v529l7cbx7ts4b06bm0000gn/T//cchvpFiY.s:21     .text.loop:00000000 loop
/var/folders/6v/2vwt01v529l7cbx7ts4b06bm0000gn/T//cchvpFiY.s:105    .data.BUTTON:00000000 BUTTON
/var/folders/6v/2vwt01v529l7cbx7ts4b06bm0000gn/T//cchvpFiY.s:111    .data.LED:00000000 LED
/var/folders/6v/2vwt01v529l7cbx7ts4b06bm0000gn/T//cchvpFiY.s:75     .text.setup:00000000 setup

UNDEFINED SYMBOLS
__do_copy_data
__do_clear_bss
digitalRead
Serial
_ZN5Print5printEci
delay
_ZN14HardwareSerial9availableEv
_ZN14HardwareSerial4readEv
digitalWrite
pinMode
_ZN14HardwareSerial5beginEl
