   1               		.file	"projCh3_1_Buzzer_pde.cpp"
   2               	__SREG__ = 0x3f
   3               	__SP_H__ = 0x3e
   4               	__SP_L__ = 0x3d
   5               	__CCP__  = 0x34
   6               	__tmp_reg__ = 0
   7               	__zero_reg__ = 1
   8               		.global __do_copy_data
   9               		.global __do_clear_bss
  17               	.Ltext0:
  18               		.section	.text.loop,"ax",@progbits
  19               	.global	loop
  21               	loop:
  22               	.LFB28:
  23               	.LSM0:
  24               	/* prologue: function */
  25               	/* frame size = 0 */
  26               	.LSM1:
  27 0000 80E0      		ldi r24,lo8(Serial)
  28 0002 90E0      		ldi r25,hi8(Serial)
  29 0004 0E94 0000 		call _ZN14HardwareSerial9availableEv
  30 0008 1816      		cp __zero_reg__,r24
  31 000a 1906      		cpc __zero_reg__,r25
  32 000c 04F4      		brge .L3
  33               	.LSM2:
  34 000e 80E0      		ldi r24,lo8(Serial)
  35 0010 90E0      		ldi r25,hi8(Serial)
  36 0012 0E94 0000 		call _ZN14HardwareSerial4readEv
  37 0016 8434      		cpi r24,68
  38 0018 9105      		cpc r25,__zero_reg__
  39 001a 01F4      		brne .L3
  40               	.LSM3:
  41 001c 80E0      		ldi r24,lo8(Serial)
  42 001e 90E0      		ldi r25,hi8(Serial)
  43 0020 6BE4      		ldi r22,lo8(75)
  44 0022 40E0      		ldi r20,lo8(0)
  45 0024 50E0      		ldi r21,hi8(0)
  46 0026 0E94 0000 		call _ZN5Print5printEci
  47               	.LSM4:
  48 002a 8091 0000 		lds r24,BELL
  49 002e 61E0      		ldi r22,lo8(1)
  50 0030 0E94 0000 		call digitalWrite
  51               	.LSM5:
  52 0034 6AE0      		ldi r22,lo8(10)
  53 0036 70E0      		ldi r23,hi8(10)
  54 0038 80E0      		ldi r24,hlo8(10)
  55 003a 90E0      		ldi r25,hhi8(10)
  56 003c 0E94 0000 		call delay
  57               	.LSM6:
  58 0040 8091 0000 		lds r24,BELL
  59 0044 60E0      		ldi r22,lo8(0)
  60 0046 0E94 0000 		call digitalWrite
  61               	.L3:
  62 004a 0895      		ret
  63               	.LFE28:
  65               		.section	.text.setup,"ax",@progbits
  66               	.global	setup
  68               	setup:
  69               	.LFB27:
  70               	.LSM7:
  71               	/* prologue: function */
  72               	/* frame size = 0 */
  73               	.LSM8:
  74 0000 8091 0000 		lds r24,BELL
  75 0004 61E0      		ldi r22,lo8(1)
  76 0006 0E94 0000 		call pinMode
  77               	.LSM9:
  78 000a 80E0      		ldi r24,lo8(Serial)
  79 000c 90E0      		ldi r25,hi8(Serial)
  80 000e 40E8      		ldi r20,lo8(9600)
  81 0010 55E2      		ldi r21,hi8(9600)
  82 0012 60E0      		ldi r22,hlo8(9600)
  83 0014 70E0      		ldi r23,hhi8(9600)
  84 0016 0E94 0000 		call _ZN14HardwareSerial5beginEl
  85               	/* epilogue start */
  86               	.LSM10:
  87 001a 0895      		ret
  88               	.LFE27:
  90               	.global	BELL
  91               		.section	.data.BELL,"aw",@progbits
  94               	BELL:
  95 0000 0500      		.word	5
 128               	.Letext0:
DEFINED SYMBOLS
                            *ABS*:00000000 projCh3_1_Buzzer_pde.cpp
/var/folders/6v/2vwt01v529l7cbx7ts4b06bm0000gn/T//ccSf9Zb9.s:2      *ABS*:0000003f __SREG__
/var/folders/6v/2vwt01v529l7cbx7ts4b06bm0000gn/T//ccSf9Zb9.s:3      *ABS*:0000003e __SP_H__
/var/folders/6v/2vwt01v529l7cbx7ts4b06bm0000gn/T//ccSf9Zb9.s:4      *ABS*:0000003d __SP_L__
/var/folders/6v/2vwt01v529l7cbx7ts4b06bm0000gn/T//ccSf9Zb9.s:5      *ABS*:00000034 __CCP__
/var/folders/6v/2vwt01v529l7cbx7ts4b06bm0000gn/T//ccSf9Zb9.s:6      *ABS*:00000000 __tmp_reg__
/var/folders/6v/2vwt01v529l7cbx7ts4b06bm0000gn/T//ccSf9Zb9.s:7      *ABS*:00000001 __zero_reg__
/var/folders/6v/2vwt01v529l7cbx7ts4b06bm0000gn/T//ccSf9Zb9.s:21     .text.loop:00000000 loop
/var/folders/6v/2vwt01v529l7cbx7ts4b06bm0000gn/T//ccSf9Zb9.s:94     .data.BELL:00000000 BELL
/var/folders/6v/2vwt01v529l7cbx7ts4b06bm0000gn/T//ccSf9Zb9.s:68     .text.setup:00000000 setup

UNDEFINED SYMBOLS
__do_copy_data
__do_clear_bss
Serial
_ZN14HardwareSerial9availableEv
_ZN14HardwareSerial4readEv
_ZN5Print5printEci
digitalWrite
delay
pinMode
_ZN14HardwareSerial5beginEl
