   1               		.file	"main.cpp"
   2               	__SREG__ = 0x3f
   3               	__SP_H__ = 0x3e
   4               	__SP_L__ = 0x3d
   5               	__CCP__  = 0x34
   6               	__tmp_reg__ = 0
   7               	__zero_reg__ = 1
   8               		.global __do_copy_data
   9               		.global __do_clear_bss
  17               	.Ltext0:
  18               		.section	.text.main,"ax",@progbits
  19               	.global	main
  21               	main:
  22               	.LFB27:
  23               	.LSM0:
  24               	/* prologue: function */
  25               	/* frame size = 0 */
  26               	.LSM1:
  27 0000 0E94 0000 		call init
  28               	.LSM2:
  29 0004 0E94 0000 		call setup
  30               	.L2:
  31               	.LSM3:
  32 0008 0E94 0000 		call loop
  33 000c 00C0      		rjmp .L2
  34               	.LFE27:
  60               	.Letext0:
DEFINED SYMBOLS
                            *ABS*:00000000 main.cpp
/var/folders/6v/2vwt01v529l7cbx7ts4b06bm0000gn/T//ccIFqMRJ.s:2      *ABS*:0000003f __SREG__
/var/folders/6v/2vwt01v529l7cbx7ts4b06bm0000gn/T//ccIFqMRJ.s:3      *ABS*:0000003e __SP_H__
/var/folders/6v/2vwt01v529l7cbx7ts4b06bm0000gn/T//ccIFqMRJ.s:4      *ABS*:0000003d __SP_L__
/var/folders/6v/2vwt01v529l7cbx7ts4b06bm0000gn/T//ccIFqMRJ.s:5      *ABS*:00000034 __CCP__
/var/folders/6v/2vwt01v529l7cbx7ts4b06bm0000gn/T//ccIFqMRJ.s:6      *ABS*:00000000 __tmp_reg__
/var/folders/6v/2vwt01v529l7cbx7ts4b06bm0000gn/T//ccIFqMRJ.s:7      *ABS*:00000001 __zero_reg__
/var/folders/6v/2vwt01v529l7cbx7ts4b06bm0000gn/T//ccIFqMRJ.s:21     .text.main:00000000 main

UNDEFINED SYMBOLS
__do_copy_data
__do_clear_bss
init
setup
loop
